TN:
SF:src\array\getLastElementFromArray.ts
FN:14,getLastElementFromArray
FNF:1
FNH:1
FNDA:5,getLastElementFromArray
DA:1,1
DA:2,1
DA:3,1
DA:4,1
DA:5,1
DA:6,1
DA:7,1
DA:8,1
DA:9,1
DA:10,1
DA:11,1
DA:12,1
DA:13,1
DA:14,1
DA:15,5
DA:16,5
DA:17,5
DA:18,5
DA:19,1
DA:20,1
LF:20
LH:20
BRDA:14,0,0,5
BRF:1
BRH:1
end_of_record
TN:
SF:src\array\removeFalsyValuesFromArray.ts
FN:4,removeFalsyValuesFromArray
FNF:1
FNH:1
FNDA:11,removeFalsyValuesFromArray
DA:1,1
DA:2,1
DA:3,1
DA:4,1
DA:5,11
DA:6,11
DA:7,1
DA:8,1
LF:8
LH:8
BRDA:4,0,0,11
BRF:1
BRH:1
end_of_record
TN:
SF:src\array\removeNullOrUndefinedValuesFromArray.ts
FN:4,removeNullOrUndefinedValuesFromArray
FNF:1
FNH:1
FNDA:5,removeNullOrUndefinedValuesFromArray
DA:1,1
DA:2,1
DA:3,1
DA:4,1
DA:5,5
DA:6,5
DA:7,5
DA:8,1
DA:9,1
LF:9
LH:9
BRDA:4,0,0,5
BRDA:7,1,0,22
BRF:2
BRH:2
end_of_record
TN:
SF:src\object\pickPropertiesFromObject.ts
FN:15,pickPropertiesFromObject
FNF:1
FNH:1
FNDA:5,pickPropertiesFromObject
DA:1,1
DA:2,1
DA:3,1
DA:4,1
DA:5,1
DA:6,1
DA:7,1
DA:8,1
DA:9,1
DA:10,1
DA:11,1
DA:12,1
DA:13,1
DA:14,1
DA:15,1
DA:16,5
DA:17,5
DA:18,5
DA:19,5
DA:20,5
DA:21,5
DA:22,5
DA:23,5
DA:24,5
DA:25,9
DA:26,8
DA:27,8
DA:28,9
DA:29,5
DA:30,5
DA:31,5
DA:32,1
DA:33,1
LF:33
LH:33
BRDA:15,0,0,5
BRDA:24,1,0,9
BRDA:25,2,0,8
BRF:3
BRH:3
end_of_record
TN:
SF:src\object\removeUndefinedPropertiesFromObject.ts
FN:4,removeUndefinedPropertiesFromObject
FNF:1
FNH:1
FNDA:5,removeUndefinedPropertiesFromObject
DA:1,1
DA:2,1
DA:3,1
DA:4,1
DA:5,5
DA:6,5
DA:7,5
DA:8,5
DA:9,5
DA:10,5
DA:11,5
DA:12,5
DA:13,5
DA:14,5
DA:15,5
DA:16,20
DA:17,15
DA:18,15
DA:19,20
DA:20,20
DA:21,5
DA:22,5
DA:23,5
DA:24,1
DA:25,1
LF:25
LH:25
BRDA:4,0,0,5
BRDA:15,1,0,20
BRDA:16,2,0,15
BRF:3
BRH:3
end_of_record
TN:
SF:src\predicates\isNullOrUndefined.ts
FN:14,isNullOrUndefined
FNF:1
FNH:1
FNDA:37,isNullOrUndefined
DA:1,1
DA:2,1
DA:3,1
DA:4,1
DA:5,1
DA:6,1
DA:7,1
DA:8,1
DA:9,1
DA:10,1
DA:11,1
DA:12,1
DA:13,1
DA:14,1
DA:15,37
DA:16,37
DA:17,37
DA:18,37
DA:19,1
DA:20,1
LF:20
LH:20
BRDA:14,0,0,37
BRDA:17,1,0,31
BRF:2
BRH:2
end_of_record
TN:
SF:src\predicates\isTruthyValue.ts
FN:14,isTruthyValue
FNF:1
FNH:1
FNDA:56,isTruthyValue
DA:1,1
DA:2,1
DA:3,1
DA:4,1
DA:5,1
DA:6,1
DA:7,1
DA:8,1
DA:9,1
DA:10,1
DA:11,1
DA:12,1
DA:13,1
DA:14,1
DA:15,56
DA:16,56
DA:17,56
DA:18,56
DA:19,1
DA:20,1
LF:20
LH:20
BRDA:14,0,0,56
BRF:1
BRH:1
end_of_record
TN:
SF:src\predicates\isUndefined.ts
FN:2,isUndefined
FNF:1
FNH:1
FNDA:20,isUndefined
DA:1,1
DA:2,1
DA:3,20
DA:4,1
DA:5,1
LF:5
LH:5
BRDA:2,0,0,20
BRF:1
BRH:1
end_of_record
TN:
SF:src\string\splitStringAndRemoveEmptySegments.ts
FN:4,splitStringAndRemoveEmptySegments
FNF:1
FNH:1
FNDA:6,splitStringAndRemoveEmptySegments
DA:1,1
DA:2,1
DA:3,1
DA:4,1
DA:5,6
DA:6,6
DA:7,6
DA:8,1
DA:9,1
LF:9
LH:9
BRDA:4,0,0,6
BRF:1
BRH:1
end_of_record
