TN:
SF:src\array\chunkArray.ts
FN:14,chunkArray
FNF:1
FNH:1
FNDA:6,chunkArray
DA:1,1
DA:2,1
DA:3,1
DA:4,1
DA:5,1
DA:6,1
DA:7,1
DA:8,1
DA:9,1
DA:10,1
DA:11,1
DA:12,1
DA:13,1
DA:14,1
DA:15,6
DA:16,6
DA:17,6
DA:18,6
DA:19,1
DA:20,1
DA:21,5
DA:22,5
DA:23,6
DA:24,8
DA:25,8
DA:26,5
DA:27,5
DA:28,5
LF:28
LH:28
BRDA:14,0,0,6
BRDA:18,1,0,1
BRDA:20,2,0,5
BRDA:23,3,0,8
BRDA:25,4,0,5
BRF:5
BRH:5
end_of_record
TN:
SF:src\array\flattenArray.ts
FN:13,flattenArray
FNF:1
FNH:1
FNDA:6,flattenArray
DA:1,1
DA:2,1
DA:3,1
DA:4,1
DA:5,1
DA:6,1
DA:7,1
DA:8,1
DA:9,1
DA:10,1
DA:11,1
DA:12,1
DA:13,1
DA:14,6
DA:15,6
LF:15
LH:15
BRDA:13,0,0,6
BRF:1
BRH:1
end_of_record
TN:
SF:src\array\getFirstElementFromArray.ts
FN:14,getFirstElementFromArray
FNF:1
FNH:1
FNDA:6,getFirstElementFromArray
DA:1,1
DA:2,1
DA:3,1
DA:4,1
DA:5,1
DA:6,1
DA:7,1
DA:8,1
DA:9,1
DA:10,1
DA:11,1
DA:12,1
DA:13,1
DA:14,1
DA:15,6
DA:16,6
DA:17,6
DA:18,3
DA:19,3
LF:19
LH:19
BRDA:14,0,0,6
BRDA:17,1,0,5
BRDA:17,2,0,3
BRF:3
BRH:3
end_of_record
TN:
SF:src\array\getLastElementFromArray.ts
FN:14,getLastElementFromArray
FNF:1
FNH:1
FNDA:5,getLastElementFromArray
DA:1,1
DA:2,1
DA:3,1
DA:4,1
DA:5,1
DA:6,1
DA:7,1
DA:8,1
DA:9,1
DA:10,1
DA:11,1
DA:12,1
DA:13,1
DA:14,1
DA:15,5
DA:16,5
DA:17,5
LF:17
LH:17
BRDA:14,0,0,5
BRDA:17,1,0,4
BRDA:17,2,0,1
BRF:3
BRH:3
end_of_record
TN:
SF:src\array\groupArrayByKey.ts
FN:14,groupArrayByKey
FNF:1
FNH:1
FNDA:6,groupArrayByKey
DA:1,1
DA:2,1
DA:3,1
DA:4,1
DA:5,1
DA:6,1
DA:7,1
DA:8,1
DA:9,1
DA:10,1
DA:11,1
DA:12,1
DA:13,1
DA:14,1
DA:15,6
DA:16,6
DA:17,6
DA:18,6
DA:19,6
DA:20,6
DA:21,6
DA:22,6
DA:23,6
DA:24,9
DA:25,9
DA:26,7
DA:27,7
DA:28,9
DA:29,9
DA:30,9
DA:31,6
DA:32,6
DA:33,6
LF:33
LH:33
BRDA:14,0,0,6
BRDA:23,1,0,9
BRDA:25,2,0,7
BRF:3
BRH:3
end_of_record
TN:
SF:src\array\removeFalsyValuesFromArray.ts
FN:9,removeFalsyValuesFromArray
FNF:1
FNH:1
FNDA:11,removeFalsyValuesFromArray
DA:1,1
DA:2,1
DA:3,1
DA:4,1
DA:5,1
DA:6,1
DA:7,1
DA:8,1
DA:9,1
DA:10,11
DA:11,11
LF:11
LH:11
BRDA:9,0,0,11
BRF:1
BRH:1
end_of_record
TN:
SF:src\array\removeNullOrUndefinedValuesFromArray.ts
FN:9,removeNullOrUndefinedValuesFromArray
FNF:1
FNH:1
FNDA:5,removeNullOrUndefinedValuesFromArray
DA:1,1
DA:2,1
DA:3,1
DA:4,1
DA:5,1
DA:6,1
DA:7,1
DA:8,1
DA:9,1
DA:10,5
DA:11,5
DA:12,5
LF:12
LH:12
BRDA:9,0,0,5
BRDA:12,1,0,22
BRF:2
BRH:2
end_of_record
TN:
SF:src\array\uniqueValuesFromArray.ts
FN:14,uniqueValuesFromArray
FN:16,comparator
FNF:2
FNH:2
FNDA:6,uniqueValuesFromArray
FNDA:31,comparator
DA:1,1
DA:2,1
DA:3,1
DA:4,1
DA:5,1
DA:6,1
DA:7,1
DA:8,1
DA:9,1
DA:10,1
DA:11,1
DA:12,1
DA:13,1
DA:14,1
DA:15,6
DA:16,6
DA:17,31
DA:18,31
DA:19,31
DA:20,6
DA:21,6
DA:22,6
DA:23,19
DA:24,6
LF:24
LH:24
BRDA:14,0,0,6
BRDA:16,1,0,31
BRDA:22,2,0,19
BRDA:23,3,0,35
BRF:4
BRH:4
end_of_record
TN:
SF:src\object\hasDefinedProperty.ts
FN:15,hasDefinedProperty
FNF:1
FNH:1
FNDA:6,hasDefinedProperty
DA:1,1
DA:2,1
DA:3,1
DA:4,1
DA:5,1
DA:6,1
DA:7,1
DA:8,1
DA:9,1
DA:10,1
DA:11,1
DA:12,1
DA:13,1
DA:14,1
DA:15,1
DA:16,6
DA:17,6
DA:18,6
DA:19,6
DA:20,6
DA:21,6
LF:21
LH:21
BRDA:15,0,0,6
BRDA:21,1,0,5
BRF:2
BRH:2
end_of_record
TN:
SF:src\object\mapObjectValues.ts
FN:14,mapObjectValues
FNF:1
FNH:1
FNDA:6,mapObjectValues
DA:1,1
DA:2,1
DA:3,1
DA:4,1
DA:5,1
DA:6,1
DA:7,1
DA:8,1
DA:9,1
DA:10,1
DA:11,1
DA:12,1
DA:13,1
DA:14,1
DA:15,6
DA:16,6
DA:17,6
DA:18,6
DA:19,6
DA:20,6
DA:21,6
DA:22,6
DA:23,6
DA:24,7
DA:25,7
DA:26,6
DA:27,6
DA:28,6
LF:28
LH:28
BRDA:14,0,0,6
BRDA:23,1,0,7
BRF:2
BRH:2
end_of_record
TN:
SF:src\object\mergeObjects.ts
FN:15,mergeObjects
FNF:1
FNH:1
FNDA:6,mergeObjects
DA:1,1
DA:2,1
DA:3,1
DA:4,1
DA:5,1
DA:6,1
DA:7,1
DA:8,1
DA:9,1
DA:10,1
DA:11,1
DA:12,1
DA:13,1
DA:14,1
DA:15,1
DA:16,6
DA:17,6
DA:18,6
DA:19,6
DA:20,6
DA:21,6
DA:22,6
DA:23,6
DA:24,6
LF:24
LH:24
BRDA:15,0,0,6
BRF:1
BRH:1
end_of_record
TN:
SF:src\object\omitPropertiesFromObject.ts
FN:14,omitPropertiesFromObject
FNF:1
FNH:1
FNDA:6,omitPropertiesFromObject
DA:1,1
DA:2,1
DA:3,1
DA:4,1
DA:5,1
DA:6,1
DA:7,1
DA:8,1
DA:9,1
DA:10,1
DA:11,1
DA:12,1
DA:13,1
DA:14,1
DA:15,6
DA:16,6
DA:17,6
DA:18,6
DA:19,6
DA:20,6
DA:21,6
DA:22,6
DA:23,6
DA:24,7
DA:25,7
DA:26,6
DA:27,6
DA:28,6
LF:28
LH:28
BRDA:14,0,0,6
BRDA:23,1,0,7
BRF:2
BRH:2
end_of_record
TN:
SF:src\object\pickPropertiesFromObject.ts
FN:15,pickPropertiesFromObject
FNF:1
FNH:1
FNDA:5,pickPropertiesFromObject
DA:1,1
DA:2,1
DA:3,1
DA:4,1
DA:5,1
DA:6,1
DA:7,1
DA:8,1
DA:9,1
DA:10,1
DA:11,1
DA:12,1
DA:13,1
DA:14,1
DA:15,1
DA:16,5
DA:17,5
DA:18,5
DA:19,5
DA:20,5
DA:21,5
DA:22,5
DA:23,5
DA:24,5
DA:25,9
DA:26,8
DA:27,8
DA:28,9
DA:29,5
DA:30,5
DA:31,5
LF:31
LH:31
BRDA:15,0,0,5
BRDA:24,1,0,9
BRDA:25,2,0,8
BRF:3
BRH:3
end_of_record
TN:
SF:src\object\removeUndefinedPropertiesFromObject.ts
FN:11,removeUndefinedPropertiesFromObject
FNF:1
FNH:1
FNDA:5,removeUndefinedPropertiesFromObject
DA:1,1
DA:2,1
DA:3,1
DA:4,1
DA:5,1
DA:6,1
DA:7,1
DA:8,1
DA:9,1
DA:10,1
DA:11,1
DA:12,5
DA:13,5
DA:14,5
DA:15,5
DA:16,5
DA:17,5
DA:18,5
DA:19,5
DA:20,5
DA:21,5
DA:22,20
DA:23,15
DA:24,15
DA:25,20
DA:26,20
DA:27,5
DA:28,5
LF:28
LH:28
BRDA:11,0,0,5
BRDA:21,1,0,20
BRDA:22,2,0,15
BRF:3
BRH:3
end_of_record
TN:
SF:src\predicates\isDefinedValue.ts
FN:16,isDefinedValue
FNF:1
FNH:1
FNDA:17,isDefinedValue
DA:1,1
DA:2,1
DA:3,1
DA:4,1
DA:5,1
DA:6,1
DA:7,1
DA:8,1
DA:9,1
DA:10,1
DA:11,1
DA:12,1
DA:13,1
DA:14,1
DA:15,1
DA:16,1
DA:17,17
DA:18,17
LF:18
LH:18
BRDA:16,0,0,17
BRF:1
BRH:1
end_of_record
TN:
SF:src\predicates\isNonEmptyArray.ts
FN:13,isNonEmptyArray
FNF:1
FNH:1
FNDA:6,isNonEmptyArray
DA:1,1
DA:2,1
DA:3,1
DA:4,1
DA:5,1
DA:6,1
DA:7,1
DA:8,1
DA:9,1
DA:10,1
DA:11,1
DA:12,1
DA:13,1
DA:14,6
DA:15,6
LF:15
LH:15
BRDA:13,0,0,6
BRDA:15,1,0,3
BRF:2
BRH:2
end_of_record
TN:
SF:src\predicates\isNonEmptyString.ts
FN:13,isNonEmptyString
FNF:1
FNH:1
FNDA:6,isNonEmptyString
DA:1,1
DA:2,1
DA:3,1
DA:4,1
DA:5,1
DA:6,1
DA:7,1
DA:8,1
DA:9,1
DA:10,1
DA:11,1
DA:12,1
DA:13,1
DA:14,6
DA:15,6
LF:15
LH:15
BRDA:13,0,0,6
BRDA:15,1,0,3
BRF:2
BRH:2
end_of_record
TN:
SF:src\predicates\isNullOrUndefined.ts
FN:14,isNullOrUndefined
FNF:1
FNH:1
FNDA:54,isNullOrUndefined
DA:1,1
DA:2,1
DA:3,1
DA:4,1
DA:5,1
DA:6,1
DA:7,1
DA:8,1
DA:9,1
DA:10,1
DA:11,1
DA:12,1
DA:13,1
DA:14,1
DA:15,54
DA:16,54
LF:16
LH:16
BRDA:14,0,0,54
BRDA:16,1,0,45
BRF:2
BRH:2
end_of_record
TN:
SF:src\predicates\isTruthyValue.ts
FN:14,isTruthyValue
FNF:1
FNH:1
FNDA:56,isTruthyValue
DA:1,1
DA:2,1
DA:3,1
DA:4,1
DA:5,1
DA:6,1
DA:7,1
DA:8,1
DA:9,1
DA:10,1
DA:11,1
DA:12,1
DA:13,1
DA:14,1
DA:15,56
DA:16,56
LF:16
LH:16
BRDA:14,0,0,56
BRF:1
BRH:1
end_of_record
TN:
SF:src\predicates\isUndefined.ts
FN:10,isUndefined
FNF:1
FNH:1
FNDA:20,isUndefined
DA:1,1
DA:2,1
DA:3,1
DA:4,1
DA:5,1
DA:6,1
DA:7,1
DA:8,1
DA:9,1
DA:10,1
DA:11,20
DA:12,20
LF:12
LH:12
BRDA:10,0,0,20
BRF:1
BRH:1
end_of_record
TN:
SF:src\string\normalizeWhitespace.ts
FN:12,normalizeWhitespace
FNF:1
FNH:1
FNDA:6,normalizeWhitespace
DA:1,1
DA:2,1
DA:3,1
DA:4,1
DA:5,1
DA:6,1
DA:7,1
DA:8,1
DA:9,1
DA:10,1
DA:11,1
DA:12,1
DA:13,6
LF:13
LH:13
BRDA:12,0,0,6
BRF:1
BRH:1
end_of_record
TN:
SF:src\string\splitStringAndRemoveEmptySegments.ts
FN:13,splitStringAndRemoveEmptySegments
FNF:1
FNH:1
FNDA:6,splitStringAndRemoveEmptySegments
DA:1,1
DA:2,1
DA:3,1
DA:4,1
DA:5,1
DA:6,1
DA:7,1
DA:8,1
DA:9,1
DA:10,1
DA:11,1
DA:12,1
DA:13,1
DA:14,6
DA:15,6
DA:16,6
LF:16
LH:16
BRDA:13,0,0,6
BRF:1
BRH:1
end_of_record
TN:
SF:src\string\truncateString.ts
FN:14,truncateString
FNF:1
FNH:1
FNDA:6,truncateString
DA:1,1
DA:2,1
DA:3,1
DA:4,1
DA:5,1
DA:6,1
DA:7,1
DA:8,1
DA:9,1
DA:10,1
DA:11,1
DA:12,1
DA:13,1
DA:14,1
DA:15,6
DA:16,6
DA:17,6
DA:18,6
DA:19,6
DA:20,3
DA:21,3
LF:21
LH:21
BRDA:14,0,0,6
BRDA:19,1,0,3
BRF:2
BRH:2
end_of_record
